Flow report for reg1021
Wed Sep 11 15:53:43 2024
Quartus Prime Version 17.1.0 Build 590 10/25/2017 SJ Lite Edition


---------------------
; Table of Contents ;
---------------------
  1. Legal Notice
  2. Flow Summary
  3. Flow Settings
  4. Flow Non-Default Global Settings
  5. Flow Elapsed Time
  6. Flow OS Summary
  7. Flow Log
  8. Flow Messages
  9. Flow Suppressed Messages



----------------
; Legal Notice ;
----------------
Copyright (C) 2017  Intel Corporation. All rights reserved.
Your use of Intel Corporation's design tools, logic functions 
and other software and tools, and its AMPP partner logic 
functions, and any output files from any of the foregoing 
(including device programming or simulation files), and any 
associated documentation or information are expressly subject 
to the terms and conditions of the Intel Program License 
Subscription Agreement, the Intel Quartus Prime License Agreement,
the Intel FPGA IP License Agreement, or other applicable license
agreement, including, without limitation, that your use is for
the sole purpose of programming logic devices manufactured by
Intel and sold by Intel or its authorized distributors.  Please
refer to the applicable agreement for further details.



+----------------------------------------------------------------------------------+
; Flow Summary                                                                     ;
+------------------------------------+---------------------------------------------+
; Flow Status                        ; Successful - Wed Sep 11 15:53:43 2024       ;
; Quartus Prime Version              ; 17.1.0 Build 590 10/25/2017 SJ Lite Edition ;
; Revision Name                      ; reg1021                                     ;
; Top-level Entity Name              ; reg1021                                     ;
; Family                             ; Cyclone IV E                                ;
; Device                             ; EP4CE55F23C8                                ;
; Timing Models                      ; Final                                       ;
; Total logic elements               ; 8 / 55,856 ( < 1 % )                        ;
;     Total combinational functions  ; 0 / 55,856 ( 0 % )                          ;
;     Dedicated logic registers      ; 8 / 55,856 ( < 1 % )                        ;
; Total registers                    ; 8                                           ;
; Total pins                         ; 17 / 325 ( 5 % )                            ;
; Total virtual pins                 ; 0                                           ;
; Total memory bits                  ; 0 / 2,396,160 ( 0 % )                       ;
; Embedded Multiplier 9-bit elements ; 0 / 308 ( 0 % )                             ;
; Total PLLs                         ; 0 / 4 ( 0 % )                               ;
+------------------------------------+---------------------------------------------+


+-----------------------------------------+
; Flow Settings                           ;
+-------------------+---------------------+
; Option            ; Setting             ;
+-------------------+---------------------+
; Start date & time ; 09/11/2024 15:40:50 ;
; Main task         ; Compilation         ;
; Revision Name     ; reg1021             ;
+-------------------+---------------------+


+-------------------------------------------------------------------------------------------------------------------------+
; Flow Non-Default Global Settings                                                                                        ;
+-------------------------------------+----------------------------------------+---------------+-------------+------------+
; Assignment Name                     ; Value                                  ; Default Value ; Entity Name ; Section Id ;
+-------------------------------------+----------------------------------------+---------------+-------------+------------+
; COMPILER_SIGNATURE_ID               ; 963967147081.172604045005316           ; --            ; --          ; --         ;
; MAX_CORE_JUNCTION_TEMP              ; 85                                     ; --            ; --          ; --         ;
; MIN_CORE_JUNCTION_TEMP              ; 0                                      ; --            ; --          ; --         ;
; PARTITION_COLOR                     ; -- (Not supported for targeted family) ; --            ; --          ; Top        ;
; PARTITION_FITTER_PRESERVATION_LEVEL ; -- (Not supported for targeted family) ; --            ; --          ; Top        ;
; PARTITION_NETLIST_TYPE              ; -- (Not supported for targeted family) ; --            ; --          ; Top        ;
; PROJECT_OUTPUT_DIRECTORY            ; output_files                           ; --            ; --          ; --         ;
+-------------------------------------+----------------------------------------+---------------+-------------+------------+


+-------------------------------------------------------------------------------------------------------------------------------+
; Flow Elapsed Time                                                                                                             ;
+---------------------------+--------------+-------------------------+---------------------+------------------------------------+
; Module Name               ; Elapsed Time ; Average Processors Used ; Peak Virtual Memory ; Total CPU Time (on all processors) ;
+---------------------------+--------------+-------------------------+---------------------+------------------------------------+
; Analysis & Synthesis      ; 00:00:08     ; 1.0                     ; 4763 MB             ; 00:00:17                           ;
; Fitter                    ; 00:00:05     ; 1.0                     ; 5696 MB             ; 00:00:07                           ;
; Assembler                 ; 00:00:02     ; 1.0                     ; 4673 MB             ; 00:00:01                           ;
; TimeQuest Timing Analyzer ; 00:00:02     ; 1.0                     ; 4816 MB             ; 00:00:01                           ;
; EDA Netlist Writer        ; 00:00:01     ; 1.0                     ; 4626 MB             ; 00:00:00                           ;
; EDA Netlist Writer        ; 00:00:01     ; 1.0                     ; 4634 MB             ; 00:00:00                           ;
; EDA Netlist Writer        ; 00:00:00     ; 1.0                     ; 4626 MB             ; 00:00:00                           ;
; EDA Netlist Writer        ; 00:00:00     ; 1.0                     ; 4634 MB             ; 00:00:00                           ;
; EDA Netlist Writer        ; 00:00:01     ; 1.0                     ; 4626 MB             ; 00:00:00                           ;
; EDA Netlist Writer        ; 00:00:00     ; 1.0                     ; 4634 MB             ; 00:00:00                           ;
; EDA Netlist Writer        ; 00:00:00     ; 1.0                     ; 4626 MB             ; 00:00:00                           ;
; EDA Netlist Writer        ; 00:00:01     ; 1.0                     ; 4634 MB             ; 00:00:01                           ;
; EDA Netlist Writer        ; 00:00:00     ; 1.0                     ; 4626 MB             ; 00:00:00                           ;
; EDA Netlist Writer        ; 00:00:01     ; 1.0                     ; 4634 MB             ; 00:00:00                           ;
; Total                     ; 00:00:22     ; --                      ; --                  ; 00:00:27                           ;
+---------------------------+--------------+-------------------------+---------------------+------------------------------------+


+-----------------------------------------------------------------------------------------+
; Flow OS Summary                                                                         ;
+---------------------------+------------------+------------+------------+----------------+
; Module Name               ; Machine Hostname ; OS Name    ; OS Version ; Processor type ;
+---------------------------+------------------+------------+------------+----------------+
; Analysis & Synthesis      ; 27               ; Windows 10 ; 10.0       ; x86_64         ;
; Fitter                    ; 27               ; Windows 10 ; 10.0       ; x86_64         ;
; Assembler                 ; 27               ; Windows 10 ; 10.0       ; x86_64         ;
; TimeQuest Timing Analyzer ; 27               ; Windows 10 ; 10.0       ; x86_64         ;
; EDA Netlist Writer        ; 27               ; Windows 10 ; 10.0       ; x86_64         ;
; EDA Netlist Writer        ; 27               ; Windows 10 ; 10.0       ; x86_64         ;
; EDA Netlist Writer        ; 27               ; Windows 10 ; 10.0       ; x86_64         ;
; EDA Netlist Writer        ; 27               ; Windows 10 ; 10.0       ; x86_64         ;
; EDA Netlist Writer        ; 27               ; Windows 10 ; 10.0       ; x86_64         ;
; EDA Netlist Writer        ; 27               ; Windows 10 ; 10.0       ; x86_64         ;
; EDA Netlist Writer        ; 27               ; Windows 10 ; 10.0       ; x86_64         ;
; EDA Netlist Writer        ; 27               ; Windows 10 ; 10.0       ; x86_64         ;
; EDA Netlist Writer        ; 27               ; Windows 10 ; 10.0       ; x86_64         ;
; EDA Netlist Writer        ; 27               ; Windows 10 ; 10.0       ; x86_64         ;
+---------------------------+------------------+------------+------------+----------------+


------------
; Flow Log ;
------------
quartus_map --read_settings_files=on --write_settings_files=off reg1021 -c reg1021
quartus_fit --read_settings_files=off --write_settings_files=off reg1021 -c reg1021
quartus_asm --read_settings_files=off --write_settings_files=off reg1021 -c reg1021
quartus_sta reg1021 -c reg1021
quartus_eda --gen_testbench --tool=modelsim_oem --format=verilog --write_settings_files=off reg1021 -c reg1021 --vector_source=D:/wifi32767/reg/Waveform.vwf --testbench_file=D:/wifi32767/reg/simulation/qsim/Waveform.vwf.vt
quartus_eda --write_settings_files=off --simulation=on --functional=on --flatten_buses=off --tool=modelsim_oem --format=verilog --output_directory=D:/wifi32767/reg/simulation/qsim/ reg1021 -c reg1021
quartus_eda --gen_testbench --tool=modelsim_oem --format=verilog --write_settings_files=off reg1021 -c reg1021 --vector_source=D:/wifi32767/reg/Waveform.vwf --testbench_file=D:/wifi32767/reg/simulation/qsim/Waveform.vwf.vt
quartus_eda --write_settings_files=off --simulation=on --functional=on --flatten_buses=off --tool=modelsim_oem --format=verilog --output_directory=D:/wifi32767/reg/simulation/qsim/ reg1021 -c reg1021
quartus_eda --gen_testbench --tool=modelsim_oem --format=verilog --write_settings_files=off reg1021 -c reg1021 --vector_source=D:/wifi32767/reg/Waveform.vwf --testbench_file=D:/wifi32767/reg/simulation/qsim/Waveform.vwf.vt
quartus_eda --write_settings_files=off --simulation=on --functional=on --flatten_buses=off --tool=modelsim_oem --format=verilog --output_directory=D:/wifi32767/reg/simulation/qsim/ reg1021 -c reg1021
quartus_eda --gen_testbench --tool=modelsim_oem --format=verilog --write_settings_files=off reg1021 -c reg1021 --vector_source=D:/wifi32767/reg/Waveform.vwf --testbench_file=D:/wifi32767/reg/simulation/qsim/Waveform.vwf.vt
quartus_eda --write_settings_files=off --simulation=on --functional=on --flatten_buses=off --tool=modelsim_oem --format=verilog --output_directory=D:/wifi32767/reg/simulation/qsim/ reg1021 -c reg1021
quartus_eda --gen_testbench --tool=modelsim_oem --format=verilog --write_settings_files=off reg1021 -c reg1021 --vector_source=D:/wifi32767/reg/Waveform.vwf --testbench_file=D:/wifi32767/reg/simulation/qsim/Waveform.vwf.vt
quartus_eda --write_settings_files=off --simulation=on --functional=on --flatten_buses=off --tool=modelsim_oem --format=verilog --output_directory=D:/wifi32767/reg/simulation/qsim/ reg1021 -c reg1021



