Flow report for timing1021
Wed Oct 16 14:03:24 2024
Quartus Prime Version 17.1.0 Build 590 10/25/2017 SJ Lite Edition


---------------------
; Table of Contents ;
---------------------
  1. Legal Notice
  2. Flow Summary
  3. Flow Settings
  4. Flow Non-Default Global Settings
  5. Flow Elapsed Time
  6. Flow OS Summary
  7. Flow Log
  8. Flow Messages
  9. Flow Suppressed Messages



----------------
; Legal Notice ;
----------------
Copyright (C) 2017  Intel Corporation. All rights reserved.
Your use of Intel Corporation's design tools, logic functions 
and other software and tools, and its AMPP partner logic 
functions, and any output files from any of the foregoing 
(including device programming or simulation files), and any 
associated documentation or information are expressly subject 
to the terms and conditions of the Intel Program License 
Subscription Agreement, the Intel Quartus Prime License Agreement,
the Intel FPGA IP License Agreement, or other applicable license
agreement, including, without limitation, that your use is for
the sole purpose of programming logic devices manufactured by
Intel and sold by Intel or its authorized distributors.  Please
refer to the applicable agreement for further details.



+----------------------------------------------------------------------------------+
; Flow Summary                                                                     ;
+------------------------------------+---------------------------------------------+
; Flow Status                        ; Successful - Wed Oct 16 14:03:24 2024       ;
; Quartus Prime Version              ; 17.1.0 Build 590 10/25/2017 SJ Lite Edition ;
; Revision Name                      ; timing1021                                  ;
; Top-level Entity Name              ; timing1021                                  ;
; Family                             ; Cyclone IV E                                ;
; Device                             ; EP4CE55F23C8                                ;
; Timing Models                      ; Final                                       ;
; Total logic elements               ; 6 / 55,856 ( < 1 % )                        ;
;     Total combinational functions  ; 3 / 55,856 ( < 1 % )                        ;
;     Dedicated logic registers      ; 5 / 55,856 ( < 1 % )                        ;
; Total registers                    ; 5                                           ;
; Total pins                         ; 7 / 325 ( 2 % )                             ;
; Total virtual pins                 ; 0                                           ;
; Total memory bits                  ; 0 / 2,396,160 ( 0 % )                       ;
; Embedded Multiplier 9-bit elements ; 0 / 308 ( 0 % )                             ;
; Total PLLs                         ; 0 / 4 ( 0 % )                               ;
+------------------------------------+---------------------------------------------+


+-----------------------------------------+
; Flow Settings                           ;
+-------------------+---------------------+
; Option            ; Setting             ;
+-------------------+---------------------+
; Start date & time ; 10/16/2024 13:56:03 ;
; Main task         ; Compilation         ;
; Revision Name     ; timing1021          ;
+-------------------+---------------------+


+-------------------------------------------------------------------------------------------------------------------------+
; Flow Non-Default Global Settings                                                                                        ;
+-------------------------------------+----------------------------------------+---------------+-------------+------------+
; Assignment Name                     ; Value                                  ; Default Value ; Entity Name ; Section Id ;
+-------------------------------------+----------------------------------------+---------------+-------------+------------+
; COMPILER_SIGNATURE_ID               ; 963967147081.172905816204968           ; --            ; --          ; --         ;
; MAX_CORE_JUNCTION_TEMP              ; 85                                     ; --            ; --          ; --         ;
; MIN_CORE_JUNCTION_TEMP              ; 0                                      ; --            ; --          ; --         ;
; PARTITION_COLOR                     ; -- (Not supported for targeted family) ; --            ; --          ; Top        ;
; PARTITION_FITTER_PRESERVATION_LEVEL ; -- (Not supported for targeted family) ; --            ; --          ; Top        ;
; PARTITION_NETLIST_TYPE              ; -- (Not supported for targeted family) ; --            ; --          ; Top        ;
; PROJECT_OUTPUT_DIRECTORY            ; output_files                           ; --            ; --          ; --         ;
+-------------------------------------+----------------------------------------+---------------+-------------+------------+


+-------------------------------------------------------------------------------------------------------------------------------+
; Flow Elapsed Time                                                                                                             ;
+---------------------------+--------------+-------------------------+---------------------+------------------------------------+
; Module Name               ; Elapsed Time ; Average Processors Used ; Peak Virtual Memory ; Total CPU Time (on all processors) ;
+---------------------------+--------------+-------------------------+---------------------+------------------------------------+
; Analysis & Synthesis      ; 00:00:08     ; 1.0                     ; 4781 MB             ; 00:00:17                           ;
; Fitter                    ; 00:00:06     ; 1.0                     ; 5701 MB             ; 00:00:09                           ;
; Assembler                 ; 00:00:01     ; 1.0                     ; 4679 MB             ; 00:00:01                           ;
; TimeQuest Timing Analyzer ; 00:00:01     ; 1.0                     ; 4815 MB             ; 00:00:01                           ;
; EDA Netlist Writer        ; 00:00:00     ; 1.0                     ; 4626 MB             ; 00:00:00                           ;
; EDA Netlist Writer        ; 00:00:00     ; 1.0                     ; 4634 MB             ; 00:00:00                           ;
; EDA Netlist Writer        ; 00:00:01     ; 1.0                     ; 4626 MB             ; 00:00:00                           ;
; EDA Netlist Writer        ; 00:00:00     ; 1.0                     ; 4634 MB             ; 00:00:00                           ;
; EDA Netlist Writer        ; 00:00:01     ; 1.0                     ; 4626 MB             ; 00:00:00                           ;
; EDA Netlist Writer        ; 00:00:00     ; 1.0                     ; 4634 MB             ; 00:00:00                           ;
; Total                     ; 00:00:18     ; --                      ; --                  ; 00:00:28                           ;
+---------------------------+--------------+-------------------------+---------------------+------------------------------------+


+-----------------------------------------------------------------------------------------+
; Flow OS Summary                                                                         ;
+---------------------------+------------------+------------+------------+----------------+
; Module Name               ; Machine Hostname ; OS Name    ; OS Version ; Processor type ;
+---------------------------+------------------+------------+------------+----------------+
; Analysis & Synthesis      ; 27               ; Windows 10 ; 10.0       ; x86_64         ;
; Fitter                    ; 27               ; Windows 10 ; 10.0       ; x86_64         ;
; Assembler                 ; 27               ; Windows 10 ; 10.0       ; x86_64         ;
; TimeQuest Timing Analyzer ; 27               ; Windows 10 ; 10.0       ; x86_64         ;
; EDA Netlist Writer        ; 27               ; Windows 10 ; 10.0       ; x86_64         ;
; EDA Netlist Writer        ; 27               ; Windows 10 ; 10.0       ; x86_64         ;
; EDA Netlist Writer        ; 27               ; Windows 10 ; 10.0       ; x86_64         ;
; EDA Netlist Writer        ; 27               ; Windows 10 ; 10.0       ; x86_64         ;
; EDA Netlist Writer        ; 27               ; Windows 10 ; 10.0       ; x86_64         ;
; EDA Netlist Writer        ; 27               ; Windows 10 ; 10.0       ; x86_64         ;
+---------------------------+------------------+------------+------------+----------------+


------------
; Flow Log ;
------------
quartus_map --read_settings_files=on --write_settings_files=off timing1021 -c timing1021
quartus_fit --read_settings_files=off --write_settings_files=off timing1021 -c timing1021
quartus_asm --read_settings_files=off --write_settings_files=off timing1021 -c timing1021
quartus_sta timing1021 -c timing1021
quartus_eda --gen_testbench --tool=modelsim_oem --format=verilog --write_settings_files=off timing1021 -c timing1021 --vector_source=D:/wifi32767/timing/Waveform.vwf --testbench_file=D:/wifi32767/timing/simulation/qsim/Waveform.vwf.vt
quartus_eda --write_settings_files=off --simulation=on --functional=on --flatten_buses=off --tool=modelsim_oem --format=verilog --output_directory=D:/wifi32767/timing/simulation/qsim/ timing1021 -c timing1021
quartus_eda --gen_testbench --tool=modelsim_oem --format=verilog --write_settings_files=off timing1021 -c timing1021 --vector_source=D:/wifi32767/timing/Waveform.vwf --testbench_file=D:/wifi32767/timing/simulation/qsim/Waveform.vwf.vt
quartus_eda --write_settings_files=off --simulation=on --functional=on --flatten_buses=off --tool=modelsim_oem --format=verilog --output_directory=D:/wifi32767/timing/simulation/qsim/ timing1021 -c timing1021
quartus_eda --gen_testbench --tool=modelsim_oem --format=verilog --write_settings_files=off timing1021 -c timing1021 --vector_source=D:/wifi32767/timing/Waveform.vwf --testbench_file=D:/wifi32767/timing/simulation/qsim/Waveform.vwf.vt
quartus_eda --write_settings_files=off --simulation=on --functional=on --flatten_buses=off --tool=modelsim_oem --format=verilog --output_directory=D:/wifi32767/timing/simulation/qsim/ timing1021 -c timing1021



